2022-10-01 05:47:59,728 INFO Starting unattended upgrades script
2022-10-01 05:47:59,729 INFO Allowed origins are: o=Ubuntu,a=focal, o=Ubuntu,a=focal-security, o=UbuntuESMApps,a=focal-apps-security, o=UbuntuESM,a=focal-infra-security
2022-10-01 05:47:59,729 INFO Initial blacklist: 
2022-10-01 05:47:59,729 INFO Initial whitelist (not strict): 
2022-10-01 06:58:58,516 INFO Starting unattended upgrades script
2022-10-01 06:58:58,517 INFO Allowed origins are: o=Ubuntu,a=focal, o=Ubuntu,a=focal-security, o=UbuntuESMApps,a=focal-apps-security, o=UbuntuESM,a=focal-infra-security
2022-10-01 06:58:58,518 INFO Initial blacklist: 
2022-10-01 06:58:58,518 INFO Initial whitelist (not strict): 
2022-10-01 06:58:59,742 INFO No packages found that can be upgraded unattended and no pending auto-removals
2022-10-02 03:28:00,445 INFO Starting unattended upgrades script
2022-10-02 03:28:00,446 INFO Allowed origins are: o=Ubuntu,a=focal, o=Ubuntu,a=focal-security, o=UbuntuESMApps,a=focal-apps-security, o=UbuntuESM,a=focal-infra-security
2022-10-02 03:28:00,447 INFO Initial blacklist: 
2022-10-02 03:28:00,447 INFO Initial whitelist (not strict): 
2022-10-02 06:51:58,512 INFO Starting unattended upgrades script
2022-10-02 06:51:58,513 INFO Allowed origins are: o=Ubuntu,a=focal, o=Ubuntu,a=focal-security, o=UbuntuESMApps,a=focal-apps-security, o=UbuntuESM,a=focal-infra-security
2022-10-02 06:51:58,513 INFO Initial blacklist: 
2022-10-02 06:51:58,513 INFO Initial whitelist (not strict): 
2022-10-02 06:51:59,644 INFO No packages found that can be upgraded unattended and no pending auto-removals
2022-10-03 00:32:40,622 INFO Starting unattended upgrades script
2022-10-03 00:32:40,623 INFO Allowed origins are: o=Ubuntu,a=focal, o=Ubuntu,a=focal-security, o=UbuntuESMApps,a=focal-apps-security, o=UbuntuESM,a=focal-infra-security
2022-10-03 00:32:40,623 INFO Initial blacklist: 
2022-10-03 00:32:40,623 INFO Initial whitelist (not strict): 
2022-10-03 06:18:21,953 INFO Starting unattended upgrades script
2022-10-03 06:18:21,954 INFO Allowed origins are: o=Ubuntu,a=focal, o=Ubuntu,a=focal-security, o=UbuntuESMApps,a=focal-apps-security, o=UbuntuESM,a=focal-infra-security
2022-10-03 06:18:21,954 INFO Initial blacklist: 
2022-10-03 06:18:21,954 INFO Initial whitelist (not strict): 
2022-10-03 06:18:23,040 INFO No packages found that can be upgraded unattended and no pending auto-removals
2022-10-04 00:45:02,429 INFO Starting unattended upgrades script
2022-10-04 00:45:02,430 INFO Allowed origins are: o=Ubuntu,a=focal, o=Ubuntu,a=focal-security, o=UbuntuESMApps,a=focal-apps-security, o=UbuntuESM,a=focal-infra-security
2022-10-04 00:45:02,430 INFO Initial blacklist: 
2022-10-04 00:45:02,430 INFO Initial whitelist (not strict): 
2022-10-04 06:45:58,470 INFO Starting unattended upgrades script
2022-10-04 06:45:58,471 INFO Allowed origins are: o=Ubuntu,a=focal, o=Ubuntu,a=focal-security, o=UbuntuESMApps,a=focal-apps-security, o=UbuntuESM,a=focal-infra-security
2022-10-04 06:45:58,472 INFO Initial blacklist: 
2022-10-04 06:45:58,472 INFO Initial whitelist (not strict): 
2022-10-04 06:45:59,543 INFO No packages found that can be upgraded unattended and no pending auto-removals
2022-10-05 06:32:15,013 INFO Starting unattended upgrades script
2022-10-05 06:32:15,014 INFO Allowed origins are: o=Ubuntu,a=focal, o=Ubuntu,a=focal-security, o=UbuntuESMApps,a=focal-apps-security, o=UbuntuESM,a=focal-infra-security
2022-10-05 06:32:15,014 INFO Initial blacklist: 
2022-10-05 06:32:15,014 INFO Initial whitelist (not strict): 
2022-10-05 06:32:16,065 INFO No packages found that can be upgraded unattended and no pending auto-removals
2022-10-05 10:44:24,190 INFO Starting unattended upgrades script
2022-10-05 10:44:24,191 INFO Allowed origins are: o=Ubuntu,a=focal, o=Ubuntu,a=focal-security, o=UbuntuESMApps,a=focal-apps-security, o=UbuntuESM,a=focal-infra-security
2022-10-05 10:44:24,191 INFO Initial blacklist: 
2022-10-05 10:44:24,191 INFO Initial whitelist (not strict): 
2022-10-06 00:36:35,773 INFO Starting unattended upgrades script
2022-10-06 00:36:35,774 INFO Allowed origins are: o=Ubuntu,a=focal, o=Ubuntu,a=focal-security, o=UbuntuESMApps,a=focal-apps-security, o=UbuntuESM,a=focal-infra-security
2022-10-06 00:36:35,774 INFO Initial blacklist: 
2022-10-06 00:36:35,774 INFO Initial whitelist (not strict): 
2022-10-06 06:06:13,416 INFO Starting unattended upgrades script
2022-10-06 06:06:13,417 INFO Allowed origins are: o=Ubuntu,a=focal, o=Ubuntu,a=focal-security, o=UbuntuESMApps,a=focal-apps-security, o=UbuntuESM,a=focal-infra-security
2022-10-06 06:06:13,417 INFO Initial blacklist: 
2022-10-06 06:06:13,418 INFO Initial whitelist (not strict): 
2022-10-06 06:06:15,389 INFO Packages that will be upgraded: isc-dhcp-client isc-dhcp-common
2022-10-06 06:06:15,390 INFO Writing dpkg log to /var/log/unattended-upgrades/unattended-upgrades-dpkg.log
2022-10-06 06:06:21,216 INFO All upgrades installed
2022-10-07 06:06:51,620 INFO Starting unattended upgrades script
2022-10-07 06:06:51,621 INFO Allowed origins are: o=Ubuntu,a=focal, o=Ubuntu,a=focal-security, o=UbuntuESMApps,a=focal-apps-security, o=UbuntuESM,a=focal-infra-security
2022-10-07 06:06:51,621 INFO Initial blacklist: 
2022-10-07 06:06:51,621 INFO Initial whitelist (not strict): 
2022-10-07 06:06:52,662 INFO No packages found that can be upgraded unattended and no pending auto-removals
2022-10-07 13:36:53,420 INFO Starting unattended upgrades script
2022-10-07 13:36:53,421 INFO Allowed origins are: o=Ubuntu,a=focal, o=Ubuntu,a=focal-security, o=UbuntuESMApps,a=focal-apps-security, o=UbuntuESM,a=focal-infra-security
2022-10-07 13:36:53,422 INFO Initial blacklist: 
2022-10-07 13:36:53,422 INFO Initial whitelist (not strict): 
2022-10-08 04:17:45,624 INFO Starting unattended upgrades script
2022-10-08 04:17:45,625 INFO Allowed origins are: o=Ubuntu,a=focal, o=Ubuntu,a=focal-security, o=UbuntuESMApps,a=focal-apps-security, o=UbuntuESM,a=focal-infra-security
2022-10-08 04:17:45,625 INFO Initial blacklist: 
2022-10-08 04:17:45,625 INFO Initial whitelist (not strict): 
2022-10-08 06:15:58,444 INFO Starting unattended upgrades script
2022-10-08 06:15:58,445 INFO Allowed origins are: o=Ubuntu,a=focal, o=Ubuntu,a=focal-security, o=UbuntuESMApps,a=focal-apps-security, o=UbuntuESM,a=focal-infra-security
2022-10-08 06:15:58,445 INFO Initial blacklist: 
2022-10-08 06:15:58,446 INFO Initial whitelist (not strict): 
2022-10-08 06:15:59,521 INFO No packages found that can be upgraded unattended and no pending auto-removals
2022-10-09 02:55:00,126 INFO Starting unattended upgrades script
2022-10-09 02:55:00,127 INFO Allowed origins are: o=Ubuntu,a=focal, o=Ubuntu,a=focal-security, o=UbuntuESMApps,a=focal-apps-security, o=UbuntuESM,a=focal-infra-security
2022-10-09 02:55:00,127 INFO Initial blacklist: 
2022-10-09 02:55:00,127 INFO Initial whitelist (not strict): 
2022-10-09 06:15:58,419 INFO Starting unattended upgrades script
2022-10-09 06:15:58,420 INFO Allowed origins are: o=Ubuntu,a=focal, o=Ubuntu,a=focal-security, o=UbuntuESMApps,a=focal-apps-security, o=UbuntuESM,a=focal-infra-security
2022-10-09 06:15:58,420 INFO Initial blacklist: 
2022-10-09 06:15:58,420 INFO Initial whitelist (not strict): 
2022-10-09 06:15:59,433 INFO No packages found that can be upgraded unattended and no pending auto-removals
2022-10-10 02:35:00,262 INFO Starting unattended upgrades script
2022-10-10 02:35:00,263 INFO Allowed origins are: o=Ubuntu,a=focal, o=Ubuntu,a=focal-security, o=UbuntuESMApps,a=focal-apps-security, o=UbuntuESM,a=focal-infra-security
2022-10-10 02:35:00,263 INFO Initial blacklist: 
2022-10-10 02:35:00,263 INFO Initial whitelist (not strict): 
2022-10-10 06:07:34,344 INFO Starting unattended upgrades script
2022-10-10 06:07:34,345 INFO Allowed origins are: o=Ubuntu,a=focal, o=Ubuntu,a=focal-security, o=UbuntuESMApps,a=focal-apps-security, o=UbuntuESM,a=focal-infra-security
2022-10-10 06:07:34,345 INFO Initial blacklist: 
2022-10-10 06:07:34,346 INFO Initial whitelist (not strict): 
2022-10-10 06:07:35,388 INFO No packages found that can be upgraded unattended and no pending auto-removals
2022-10-11 05:37:46,522 INFO Starting unattended upgrades script
2022-10-11 05:37:46,523 INFO Allowed origins are: o=Ubuntu,a=focal, o=Ubuntu,a=focal-security, o=UbuntuESMApps,a=focal-apps-security, o=UbuntuESM,a=focal-infra-security
2022-10-11 05:37:46,523 INFO Initial blacklist: 
2022-10-11 05:37:46,524 INFO Initial whitelist (not strict): 
2022-10-11 06:14:48,638 INFO Starting unattended upgrades script
2022-10-11 06:14:48,639 INFO Allowed origins are: o=Ubuntu,a=focal, o=Ubuntu,a=focal-security, o=UbuntuESMApps,a=focal-apps-security, o=UbuntuESM,a=focal-infra-security
2022-10-11 06:14:48,639 INFO Initial blacklist: 
2022-10-11 06:14:48,639 INFO Initial whitelist (not strict): 
2022-10-11 06:14:51,757 INFO Packages that will be upgraded: linux-azure linux-cloud-tools-azure linux-cloud-tools-common linux-headers-azure linux-image-azure linux-tools-azure linux-tools-common
2022-10-11 06:14:51,758 INFO Writing dpkg log to /var/log/unattended-upgrades/unattended-upgrades-dpkg.log
2022-10-11 06:15:27,617 INFO All upgrades installed
2022-10-11 06:15:46,302 INFO Packages that were successfully auto-removed: linux-azure-5.15-cloud-tools-5.15.0-1020 linux-azure-5.15-headers-5.15.0-1020 linux-azure-5.15-tools-5.15.0-1020 linux-cloud-tools-5.15.0-1020-azure linux-headers-5.15.0-1020-azure linux-image-5.15.0-1020-azure linux-modules-5.15.0-1020-azure linux-tools-5.15.0-1020-azure
2022-10-11 06:15:46,302 INFO Packages that are kept back: 
2022-10-12 01:12:28,177 INFO Starting unattended upgrades script
2022-10-12 01:12:28,177 INFO Allowed origins are: o=Ubuntu,a=focal, o=Ubuntu,a=focal-security, o=UbuntuESMApps,a=focal-apps-security, o=UbuntuESM,a=focal-infra-security
2022-10-12 01:12:28,178 INFO Initial blacklist: 
2022-10-12 01:12:28,178 INFO Initial whitelist (not strict): 
2022-10-12 06:23:58,472 INFO Starting unattended upgrades script
2022-10-12 06:23:58,473 INFO Allowed origins are: o=Ubuntu,a=focal, o=Ubuntu,a=focal-security, o=UbuntuESMApps,a=focal-apps-security, o=UbuntuESM,a=focal-infra-security
2022-10-12 06:23:58,473 INFO Initial blacklist: 
2022-10-12 06:23:58,473 INFO Initial whitelist (not strict): 
2022-10-12 06:23:59,566 INFO No packages found that can be upgraded unattended and no pending auto-removals
2022-10-13 06:02:44,840 INFO Starting unattended upgrades script
2022-10-13 06:02:44,841 INFO Allowed origins are: o=Ubuntu,a=focal, o=Ubuntu,a=focal-security, o=UbuntuESMApps,a=focal-apps-security, o=UbuntuESM,a=focal-infra-security
2022-10-13 06:02:44,841 INFO Initial blacklist: 
2022-10-13 06:02:44,841 INFO Initial whitelist (not strict): 
2022-10-13 06:02:46,807 INFO Packages that will be upgraded: libgmp10
2022-10-13 06:02:46,808 INFO Writing dpkg log to /var/log/unattended-upgrades/unattended-upgrades-dpkg.log
2022-10-13 06:02:49,864 INFO All upgrades installed
2022-10-13 14:16:00,389 INFO Starting unattended upgrades script
2022-10-13 14:16:00,390 INFO Allowed origins are: o=Ubuntu,a=focal, o=Ubuntu,a=focal-security, o=UbuntuESMApps,a=focal-apps-security, o=UbuntuESM,a=focal-infra-security
2022-10-13 14:16:00,390 INFO Initial blacklist: 
2022-10-13 14:16:00,390 INFO Initial whitelist (not strict): 
2022-10-14 01:23:27,023 INFO Starting unattended upgrades script
2022-10-14 01:23:27,024 INFO Allowed origins are: o=Ubuntu,a=focal, o=Ubuntu,a=focal-security, o=UbuntuESMApps,a=focal-apps-security, o=UbuntuESM,a=focal-infra-security
2022-10-14 01:23:27,024 INFO Initial blacklist: 
2022-10-14 01:23:27,024 INFO Initial whitelist (not strict): 
2022-10-14 06:17:58,481 INFO Starting unattended upgrades script
2022-10-14 06:17:58,482 INFO Allowed origins are: o=Ubuntu,a=focal, o=Ubuntu,a=focal-security, o=UbuntuESMApps,a=focal-apps-security, o=UbuntuESM,a=focal-infra-security
2022-10-14 06:17:58,482 INFO Initial blacklist: 
2022-10-14 06:17:58,482 INFO Initial whitelist (not strict): 
2022-10-14 06:18:02,314 INFO Packages that will be upgraded: libasn1-8-heimdal libgssapi3-heimdal libhcrypto4-heimdal libheimbase1-heimdal libheimntlm0-heimdal libhx509-5-heimdal libkrb5-26-heimdal libroken18-heimdal libwind0-heimdal
2022-10-14 06:18:02,315 INFO Writing dpkg log to /var/log/unattended-upgrades/unattended-upgrades-dpkg.log
2022-10-14 06:18:27,897 INFO All upgrades installed
2022-10-15 05:17:40,893 INFO Starting unattended upgrades script
2022-10-15 05:17:40,894 INFO Allowed origins are: o=Ubuntu,a=focal, o=Ubuntu,a=focal-security, o=UbuntuESMApps,a=focal-apps-security, o=UbuntuESM,a=focal-infra-security
2022-10-15 05:17:40,894 INFO Initial blacklist: 
2022-10-15 05:17:40,894 INFO Initial whitelist (not strict): 
2022-10-15 06:56:51,621 INFO Starting unattended upgrades script
2022-10-15 06:56:51,622 INFO Allowed origins are: o=Ubuntu,a=focal, o=Ubuntu,a=focal-security, o=UbuntuESMApps,a=focal-apps-security, o=UbuntuESM,a=focal-infra-security
2022-10-15 06:56:51,622 INFO Initial blacklist: 
2022-10-15 06:56:51,622 INFO Initial whitelist (not strict): 
2022-10-15 06:56:52,712 INFO No packages found that can be upgraded unattended and no pending auto-removals
2022-10-16 00:08:02,580 INFO Starting unattended upgrades script
2022-10-16 00:08:02,581 INFO Allowed origins are: o=Ubuntu,a=focal, o=Ubuntu,a=focal-security, o=UbuntuESMApps,a=focal-apps-security, o=UbuntuESM,a=focal-infra-security
2022-10-16 00:08:02,581 INFO Initial blacklist: 
2022-10-16 00:08:02,581 INFO Initial whitelist (not strict): 
2022-10-16 06:27:58,424 INFO Starting unattended upgrades script
2022-10-16 06:27:58,425 INFO Allowed origins are: o=Ubuntu,a=focal, o=Ubuntu,a=focal-security, o=UbuntuESMApps,a=focal-apps-security, o=UbuntuESM,a=focal-infra-security
2022-10-16 06:27:58,425 INFO Initial blacklist: 
2022-10-16 06:27:58,425 INFO Initial whitelist (not strict): 
2022-10-16 06:27:59,437 INFO No packages found that can be upgraded unattended and no pending auto-removals
2022-10-17 06:16:51,598 INFO Starting unattended upgrades script
2022-10-17 06:16:51,599 INFO Allowed origins are: o=Ubuntu,a=focal, o=Ubuntu,a=focal-security, o=UbuntuESMApps,a=focal-apps-security, o=UbuntuESM,a=focal-infra-security
2022-10-17 06:16:51,600 INFO Initial blacklist: 
2022-10-17 06:16:51,600 INFO Initial whitelist (not strict): 
2022-10-17 06:16:52,652 INFO No packages found that can be upgraded unattended and no pending auto-removals
2022-10-17 17:34:00,189 INFO Starting unattended upgrades script
2022-10-17 17:34:00,189 INFO Allowed origins are: o=Ubuntu,a=focal, o=Ubuntu,a=focal-security, o=UbuntuESMApps,a=focal-apps-security, o=UbuntuESM,a=focal-infra-security
2022-10-17 17:34:00,190 INFO Initial blacklist: 
2022-10-17 17:34:00,190 INFO Initial whitelist (not strict): 
2022-10-18 06:59:58,442 INFO Starting unattended upgrades script
2022-10-18 06:59:58,442 INFO Allowed origins are: o=Ubuntu,a=focal, o=Ubuntu,a=focal-security, o=UbuntuESMApps,a=focal-apps-security, o=UbuntuESM,a=focal-infra-security
2022-10-18 06:59:58,443 INFO Initial blacklist: 
2022-10-18 06:59:58,443 INFO Initial whitelist (not strict): 
2022-10-18 07:00:00,147 INFO Packages that will be upgraded: zlib1g
2022-10-18 07:00:00,147 INFO Writing dpkg log to /var/log/unattended-upgrades/unattended-upgrades-dpkg.log
2022-10-18 07:00:02,859 INFO All upgrades installed
2022-10-18 13:34:41,200 INFO Starting unattended upgrades script
2022-10-18 13:34:41,201 INFO Allowed origins are: o=Ubuntu,a=focal, o=Ubuntu,a=focal-security, o=UbuntuESMApps,a=focal-apps-security, o=UbuntuESM,a=focal-infra-security
2022-10-18 13:34:41,201 INFO Initial blacklist: 
2022-10-18 13:34:41,202 INFO Initial whitelist (not strict): 
