2022-10-01 19:31:40 startup archives unpack
2022-10-01 19:31:40 upgrade libnss-systemd:amd64 245.4-4ubuntu3.17 245.4-4ubuntu3.18
2022-10-01 19:31:40 status triggers-pending libc-bin:amd64 2.31-0ubuntu9.9
2022-10-01 19:31:40 status half-configured libnss-systemd:amd64 245.4-4ubuntu3.17
2022-10-01 19:31:40 status unpacked libnss-systemd:amd64 245.4-4ubuntu3.17
2022-10-01 19:31:40 status half-installed libnss-systemd:amd64 245.4-4ubuntu3.17
2022-10-01 19:31:40 status triggers-pending man-db:amd64 2.9.1-1
2022-10-01 19:31:40 status unpacked libnss-systemd:amd64 245.4-4ubuntu3.18
2022-10-01 19:31:40 upgrade udev:amd64 245.4-4ubuntu3.17 245.4-4ubuntu3.18
2022-10-01 19:31:40 status half-configured udev:amd64 245.4-4ubuntu3.17
2022-10-01 19:31:40 status unpacked udev:amd64 245.4-4ubuntu3.17
2022-10-01 19:31:40 status half-installed udev:amd64 245.4-4ubuntu3.17
2022-10-01 19:31:40 status triggers-pending systemd:amd64 245.4-4ubuntu3.17
2022-10-01 19:31:40 status unpacked udev:amd64 245.4-4ubuntu3.18
2022-10-01 19:31:40 upgrade libudev1:amd64 245.4-4ubuntu3.17 245.4-4ubuntu3.18
2022-10-01 19:31:40 status half-configured libudev1:amd64 245.4-4ubuntu3.17
2022-10-01 19:31:40 status unpacked libudev1:amd64 245.4-4ubuntu3.17
2022-10-01 19:31:40 status half-installed libudev1:amd64 245.4-4ubuntu3.17
2022-10-01 19:31:40 status unpacked libudev1:amd64 245.4-4ubuntu3.18
2022-10-01 19:31:40 startup packages configure
2022-10-01 19:31:40 configure libudev1:amd64 245.4-4ubuntu3.18 <none>
2022-10-01 19:31:40 status unpacked libudev1:amd64 245.4-4ubuntu3.18
2022-10-01 19:31:40 status half-configured libudev1:amd64 245.4-4ubuntu3.18
2022-10-01 19:31:40 status installed libudev1:amd64 245.4-4ubuntu3.18
2022-10-01 19:31:40 startup archives unpack
2022-10-01 19:31:41 upgrade systemd-sysv:amd64 245.4-4ubuntu3.17 245.4-4ubuntu3.18
2022-10-01 19:31:41 status half-configured systemd-sysv:amd64 245.4-4ubuntu3.17
2022-10-01 19:31:41 status unpacked systemd-sysv:amd64 245.4-4ubuntu3.17
2022-10-01 19:31:41 status half-installed systemd-sysv:amd64 245.4-4ubuntu3.17
2022-10-01 19:31:41 status unpacked systemd-sysv:amd64 245.4-4ubuntu3.18
2022-10-01 19:31:41 upgrade libpam-systemd:amd64 245.4-4ubuntu3.17 245.4-4ubuntu3.18
2022-10-01 19:31:41 status half-configured libpam-systemd:amd64 245.4-4ubuntu3.17
2022-10-01 19:31:41 status unpacked libpam-systemd:amd64 245.4-4ubuntu3.17
2022-10-01 19:31:41 status half-installed libpam-systemd:amd64 245.4-4ubuntu3.17
2022-10-01 19:31:41 status unpacked libpam-systemd:amd64 245.4-4ubuntu3.18
2022-10-01 19:31:41 upgrade systemd:amd64 245.4-4ubuntu3.17 245.4-4ubuntu3.18
2022-10-01 19:31:41 status half-configured systemd:amd64 245.4-4ubuntu3.17
2022-10-01 19:31:41 status unpacked systemd:amd64 245.4-4ubuntu3.17
2022-10-01 19:31:41 status half-installed systemd:amd64 245.4-4ubuntu3.17
2022-10-01 19:31:41 status triggers-pending dbus:amd64 1.12.16-2ubuntu2.2
2022-10-01 19:31:42 status unpacked systemd:amd64 245.4-4ubuntu3.18
2022-10-01 19:31:42 upgrade libsystemd0:amd64 245.4-4ubuntu3.17 245.4-4ubuntu3.18
2022-10-01 19:31:42 status half-configured libsystemd0:amd64 245.4-4ubuntu3.17
2022-10-01 19:31:42 status unpacked libsystemd0:amd64 245.4-4ubuntu3.17
2022-10-01 19:31:42 status half-installed libsystemd0:amd64 245.4-4ubuntu3.17
2022-10-01 19:31:42 status unpacked libsystemd0:amd64 245.4-4ubuntu3.18
2022-10-01 19:31:42 startup packages configure
2022-10-01 19:31:42 configure libsystemd0:amd64 245.4-4ubuntu3.18 <none>
2022-10-01 19:31:42 status unpacked libsystemd0:amd64 245.4-4ubuntu3.18
2022-10-01 19:31:42 status half-configured libsystemd0:amd64 245.4-4ubuntu3.18
2022-10-01 19:31:42 status installed libsystemd0:amd64 245.4-4ubuntu3.18
2022-10-01 19:31:42 startup packages configure
2022-10-01 19:31:42 configure systemd:amd64 245.4-4ubuntu3.18 <none>
2022-10-01 19:31:42 status unpacked systemd:amd64 245.4-4ubuntu3.18
2022-10-01 19:31:42 status half-configured systemd:amd64 245.4-4ubuntu3.18
2022-10-01 19:31:43 status installed systemd:amd64 245.4-4ubuntu3.18
2022-10-01 19:31:43 configure udev:amd64 245.4-4ubuntu3.18 <none>
2022-10-01 19:31:43 status unpacked udev:amd64 245.4-4ubuntu3.18
2022-10-01 19:31:43 status half-configured udev:amd64 245.4-4ubuntu3.18
2022-10-01 19:31:44 status installed udev:amd64 245.4-4ubuntu3.18
2022-10-01 19:31:44 status triggers-pending initramfs-tools:all 0.136ubuntu6.7
2022-10-01 19:31:44 configure systemd-sysv:amd64 245.4-4ubuntu3.18 <none>
2022-10-01 19:31:44 status unpacked systemd-sysv:amd64 245.4-4ubuntu3.18
2022-10-01 19:31:44 status half-configured systemd-sysv:amd64 245.4-4ubuntu3.18
2022-10-01 19:31:44 status installed systemd-sysv:amd64 245.4-4ubuntu3.18
2022-10-01 19:31:44 configure libnss-systemd:amd64 245.4-4ubuntu3.18 <none>
2022-10-01 19:31:44 status unpacked libnss-systemd:amd64 245.4-4ubuntu3.18
2022-10-01 19:31:44 status half-configured libnss-systemd:amd64 245.4-4ubuntu3.18
2022-10-01 19:31:44 status installed libnss-systemd:amd64 245.4-4ubuntu3.18
2022-10-01 19:31:44 configure libpam-systemd:amd64 245.4-4ubuntu3.18 <none>
2022-10-01 19:31:44 status unpacked libpam-systemd:amd64 245.4-4ubuntu3.18
2022-10-01 19:31:44 status half-configured libpam-systemd:amd64 245.4-4ubuntu3.18
2022-10-01 19:31:45 status installed libpam-systemd:amd64 245.4-4ubuntu3.18
2022-10-01 19:31:45 trigproc man-db:amd64 2.9.1-1 <none>
2022-10-01 19:31:45 status half-configured man-db:amd64 2.9.1-1
2022-10-01 19:31:47 status installed man-db:amd64 2.9.1-1
2022-10-01 19:31:47 trigproc dbus:amd64 1.12.16-2ubuntu2.2 <none>
2022-10-01 19:31:47 status half-configured dbus:amd64 1.12.16-2ubuntu2.2
2022-10-01 19:31:47 status installed dbus:amd64 1.12.16-2ubuntu2.2
2022-10-01 19:31:47 trigproc libc-bin:amd64 2.31-0ubuntu9.9 <none>
2022-10-01 19:31:47 status half-configured libc-bin:amd64 2.31-0ubuntu9.9
2022-10-01 19:31:47 status installed libc-bin:amd64 2.31-0ubuntu9.9
2022-10-01 19:31:47 trigproc initramfs-tools:all 0.136ubuntu6.7 <none>
2022-10-01 19:31:47 status half-configured initramfs-tools:all 0.136ubuntu6.7
2022-10-01 19:31:57 status installed initramfs-tools:all 0.136ubuntu6.7
2022-10-06 06:06:16 startup archives unpack
2022-10-06 06:06:16 upgrade isc-dhcp-common:amd64 4.4.1-2.1ubuntu5.20.04.3 4.4.1-2.1ubuntu5.20.04.4
2022-10-06 06:06:16 status half-configured isc-dhcp-common:amd64 4.4.1-2.1ubuntu5.20.04.3
2022-10-06 06:06:16 status unpacked isc-dhcp-common:amd64 4.4.1-2.1ubuntu5.20.04.3
2022-10-06 06:06:16 status half-installed isc-dhcp-common:amd64 4.4.1-2.1ubuntu5.20.04.3
2022-10-06 06:06:16 status triggers-pending man-db:amd64 2.9.1-1
2022-10-06 06:06:16 status unpacked isc-dhcp-common:amd64 4.4.1-2.1ubuntu5.20.04.4
2022-10-06 06:06:16 startup packages configure
2022-10-06 06:06:16 configure isc-dhcp-common:amd64 4.4.1-2.1ubuntu5.20.04.4 <none>
2022-10-06 06:06:16 status unpacked isc-dhcp-common:amd64 4.4.1-2.1ubuntu5.20.04.4
2022-10-06 06:06:16 status half-configured isc-dhcp-common:amd64 4.4.1-2.1ubuntu5.20.04.4
2022-10-06 06:06:16 status installed isc-dhcp-common:amd64 4.4.1-2.1ubuntu5.20.04.4
2022-10-06 06:06:16 trigproc man-db:amd64 2.9.1-1 <none>
2022-10-06 06:06:16 status half-configured man-db:amd64 2.9.1-1
2022-10-06 06:06:16 status installed man-db:amd64 2.9.1-1
2022-10-06 06:06:18 startup archives unpack
2022-10-06 06:06:18 upgrade isc-dhcp-client:amd64 4.4.1-2.1ubuntu5.20.04.3 4.4.1-2.1ubuntu5.20.04.4
2022-10-06 06:06:18 status half-configured isc-dhcp-client:amd64 4.4.1-2.1ubuntu5.20.04.3
2022-10-06 06:06:18 status unpacked isc-dhcp-client:amd64 4.4.1-2.1ubuntu5.20.04.3
2022-10-06 06:06:18 status half-installed isc-dhcp-client:amd64 4.4.1-2.1ubuntu5.20.04.3
2022-10-06 06:06:19 status triggers-pending man-db:amd64 2.9.1-1
2022-10-06 06:06:19 status unpacked isc-dhcp-client:amd64 4.4.1-2.1ubuntu5.20.04.4
2022-10-06 06:06:19 startup packages configure
2022-10-06 06:06:19 configure isc-dhcp-client:amd64 4.4.1-2.1ubuntu5.20.04.4 <none>
2022-10-06 06:06:19 status unpacked isc-dhcp-client:amd64 4.4.1-2.1ubuntu5.20.04.4
2022-10-06 06:06:19 status half-configured isc-dhcp-client:amd64 4.4.1-2.1ubuntu5.20.04.4
2022-10-06 06:06:19 status installed isc-dhcp-client:amd64 4.4.1-2.1ubuntu5.20.04.4
2022-10-06 06:06:19 trigproc man-db:amd64 2.9.1-1 <none>
2022-10-06 06:06:19 status half-configured man-db:amd64 2.9.1-1
2022-10-06 06:06:19 status installed man-db:amd64 2.9.1-1
2022-10-11 06:14:52 startup archives unpack
2022-10-11 06:14:52 install linux-modules-5.15.0-1021-azure:amd64 <none> 5.15.0-1021.26~20.04.1
2022-10-11 06:14:52 status half-installed linux-modules-5.15.0-1021-azure:amd64 5.15.0-1021.26~20.04.1
2022-10-11 06:14:55 status unpacked linux-modules-5.15.0-1021-azure:amd64 5.15.0-1021.26~20.04.1
2022-10-11 06:14:55 install linux-image-5.15.0-1021-azure:amd64 <none> 5.15.0-1021.26~20.04.1
2022-10-11 06:14:55 status half-installed linux-image-5.15.0-1021-azure:amd64 5.15.0-1021.26~20.04.1
2022-10-11 06:14:55 status unpacked linux-image-5.15.0-1021-azure:amd64 5.15.0-1021.26~20.04.1
2022-10-11 06:14:55 upgrade linux-azure:amd64 5.15.0.1020.25~20.04.13 5.15.0.1021.26~20.04.14
2022-10-11 06:14:55 status half-configured linux-azure:amd64 5.15.0.1020.25~20.04.13
2022-10-11 06:14:55 status unpacked linux-azure:amd64 5.15.0.1020.25~20.04.13
2022-10-11 06:14:55 status half-installed linux-azure:amd64 5.15.0.1020.25~20.04.13
2022-10-11 06:14:55 status unpacked linux-azure:amd64 5.15.0.1021.26~20.04.14
2022-10-11 06:14:55 upgrade linux-image-azure:amd64 5.15.0.1020.25~20.04.13 5.15.0.1021.26~20.04.14
2022-10-11 06:14:55 status half-configured linux-image-azure:amd64 5.15.0.1020.25~20.04.13
2022-10-11 06:14:55 status unpacked linux-image-azure:amd64 5.15.0.1020.25~20.04.13
2022-10-11 06:14:55 status half-installed linux-image-azure:amd64 5.15.0.1020.25~20.04.13
2022-10-11 06:14:55 status unpacked linux-image-azure:amd64 5.15.0.1021.26~20.04.14
2022-10-11 06:14:55 install linux-azure-5.15-headers-5.15.0-1021:all <none> 5.15.0-1021.26~20.04.1
2022-10-11 06:14:55 status half-installed linux-azure-5.15-headers-5.15.0-1021:all 5.15.0-1021.26~20.04.1
2022-10-11 06:15:02 status unpacked linux-azure-5.15-headers-5.15.0-1021:all 5.15.0-1021.26~20.04.1
2022-10-11 06:15:03 install linux-headers-5.15.0-1021-azure:amd64 <none> 5.15.0-1021.26~20.04.1
2022-10-11 06:15:03 status half-installed linux-headers-5.15.0-1021-azure:amd64 5.15.0-1021.26~20.04.1
2022-10-11 06:15:04 status unpacked linux-headers-5.15.0-1021-azure:amd64 5.15.0-1021.26~20.04.1
2022-10-11 06:15:04 upgrade linux-headers-azure:amd64 5.15.0.1020.25~20.04.13 5.15.0.1021.26~20.04.14
2022-10-11 06:15:04 status half-configured linux-headers-azure:amd64 5.15.0.1020.25~20.04.13
2022-10-11 06:15:04 status unpacked linux-headers-azure:amd64 5.15.0.1020.25~20.04.13
2022-10-11 06:15:04 status half-installed linux-headers-azure:amd64 5.15.0.1020.25~20.04.13
2022-10-11 06:15:04 status unpacked linux-headers-azure:amd64 5.15.0.1021.26~20.04.14
2022-10-11 06:15:04 install linux-azure-5.15-tools-5.15.0-1021:amd64 <none> 5.15.0-1021.26~20.04.1
2022-10-11 06:15:04 status half-installed linux-azure-5.15-tools-5.15.0-1021:amd64 5.15.0-1021.26~20.04.1
2022-10-11 06:15:05 status unpacked linux-azure-5.15-tools-5.15.0-1021:amd64 5.15.0-1021.26~20.04.1
2022-10-11 06:15:05 install linux-tools-5.15.0-1021-azure:amd64 <none> 5.15.0-1021.26~20.04.1
2022-10-11 06:15:05 status half-installed linux-tools-5.15.0-1021-azure:amd64 5.15.0-1021.26~20.04.1
2022-10-11 06:15:05 status unpacked linux-tools-5.15.0-1021-azure:amd64 5.15.0-1021.26~20.04.1
2022-10-11 06:15:05 upgrade linux-tools-azure:amd64 5.15.0.1020.25~20.04.13 5.15.0.1021.26~20.04.14
2022-10-11 06:15:05 status half-configured linux-tools-azure:amd64 5.15.0.1020.25~20.04.13
2022-10-11 06:15:05 status unpacked linux-tools-azure:amd64 5.15.0.1020.25~20.04.13
2022-10-11 06:15:05 status half-installed linux-tools-azure:amd64 5.15.0.1020.25~20.04.13
2022-10-11 06:15:05 status unpacked linux-tools-azure:amd64 5.15.0.1021.26~20.04.14
2022-10-11 06:15:05 install linux-azure-5.15-cloud-tools-5.15.0-1021:amd64 <none> 5.15.0-1021.26~20.04.1
2022-10-11 06:15:05 status half-installed linux-azure-5.15-cloud-tools-5.15.0-1021:amd64 5.15.0-1021.26~20.04.1
2022-10-11 06:15:05 status unpacked linux-azure-5.15-cloud-tools-5.15.0-1021:amd64 5.15.0-1021.26~20.04.1
2022-10-11 06:15:05 install linux-cloud-tools-5.15.0-1021-azure:amd64 <none> 5.15.0-1021.26~20.04.1
2022-10-11 06:15:05 status half-installed linux-cloud-tools-5.15.0-1021-azure:amd64 5.15.0-1021.26~20.04.1
2022-10-11 06:15:05 status unpacked linux-cloud-tools-5.15.0-1021-azure:amd64 5.15.0-1021.26~20.04.1
2022-10-11 06:15:05 upgrade linux-cloud-tools-azure:amd64 5.15.0.1020.25~20.04.13 5.15.0.1021.26~20.04.14
2022-10-11 06:15:05 status half-configured linux-cloud-tools-azure:amd64 5.15.0.1020.25~20.04.13
2022-10-11 06:15:05 status unpacked linux-cloud-tools-azure:amd64 5.15.0.1020.25~20.04.13
2022-10-11 06:15:05 status half-installed linux-cloud-tools-azure:amd64 5.15.0.1020.25~20.04.13
2022-10-11 06:15:05 status unpacked linux-cloud-tools-azure:amd64 5.15.0.1021.26~20.04.14
2022-10-11 06:15:05 startup packages configure
2022-10-11 06:15:05 configure linux-azure-5.15-tools-5.15.0-1021:amd64 5.15.0-1021.26~20.04.1 <none>
2022-10-11 06:15:05 status unpacked linux-azure-5.15-tools-5.15.0-1021:amd64 5.15.0-1021.26~20.04.1
2022-10-11 06:15:05 status half-configured linux-azure-5.15-tools-5.15.0-1021:amd64 5.15.0-1021.26~20.04.1
2022-10-11 06:15:05 status installed linux-azure-5.15-tools-5.15.0-1021:amd64 5.15.0-1021.26~20.04.1
2022-10-11 06:15:05 configure linux-tools-5.15.0-1021-azure:amd64 5.15.0-1021.26~20.04.1 <none>
2022-10-11 06:15:05 status unpacked linux-tools-5.15.0-1021-azure:amd64 5.15.0-1021.26~20.04.1
2022-10-11 06:15:06 status half-configured linux-tools-5.15.0-1021-azure:amd64 5.15.0-1021.26~20.04.1
2022-10-11 06:15:06 status installed linux-tools-5.15.0-1021-azure:amd64 5.15.0-1021.26~20.04.1
2022-10-11 06:15:06 configure linux-modules-5.15.0-1021-azure:amd64 5.15.0-1021.26~20.04.1 <none>
2022-10-11 06:15:06 status unpacked linux-modules-5.15.0-1021-azure:amd64 5.15.0-1021.26~20.04.1
2022-10-11 06:15:06 status half-configured linux-modules-5.15.0-1021-azure:amd64 5.15.0-1021.26~20.04.1
2022-10-11 06:15:06 status installed linux-modules-5.15.0-1021-azure:amd64 5.15.0-1021.26~20.04.1
2022-10-11 06:15:06 configure linux-azure-5.15-headers-5.15.0-1021:all 5.15.0-1021.26~20.04.1 <none>
2022-10-11 06:15:06 status unpacked linux-azure-5.15-headers-5.15.0-1021:all 5.15.0-1021.26~20.04.1
2022-10-11 06:15:06 status half-configured linux-azure-5.15-headers-5.15.0-1021:all 5.15.0-1021.26~20.04.1
2022-10-11 06:15:06 status installed linux-azure-5.15-headers-5.15.0-1021:all 5.15.0-1021.26~20.04.1
2022-10-11 06:15:06 configure linux-tools-azure:amd64 5.15.0.1021.26~20.04.14 <none>
2022-10-11 06:15:06 status unpacked linux-tools-azure:amd64 5.15.0.1021.26~20.04.14
2022-10-11 06:15:06 status half-configured linux-tools-azure:amd64 5.15.0.1021.26~20.04.14
2022-10-11 06:15:06 status installed linux-tools-azure:amd64 5.15.0.1021.26~20.04.14
2022-10-11 06:15:06 configure linux-image-5.15.0-1021-azure:amd64 5.15.0-1021.26~20.04.1 <none>
2022-10-11 06:15:06 status unpacked linux-image-5.15.0-1021-azure:amd64 5.15.0-1021.26~20.04.1
2022-10-11 06:15:06 status half-configured linux-image-5.15.0-1021-azure:amd64 5.15.0-1021.26~20.04.1
2022-10-11 06:15:07 status installed linux-image-5.15.0-1021-azure:amd64 5.15.0-1021.26~20.04.1
2022-10-11 06:15:07 status triggers-pending linux-image-5.15.0-1021-azure:amd64 5.15.0-1021.26~20.04.1
2022-10-11 06:15:07 configure linux-azure-5.15-cloud-tools-5.15.0-1021:amd64 5.15.0-1021.26~20.04.1 <none>
2022-10-11 06:15:07 status unpacked linux-azure-5.15-cloud-tools-5.15.0-1021:amd64 5.15.0-1021.26~20.04.1
2022-10-11 06:15:07 status half-configured linux-azure-5.15-cloud-tools-5.15.0-1021:amd64 5.15.0-1021.26~20.04.1
2022-10-11 06:15:07 status installed linux-azure-5.15-cloud-tools-5.15.0-1021:amd64 5.15.0-1021.26~20.04.1
2022-10-11 06:15:07 configure linux-headers-5.15.0-1021-azure:amd64 5.15.0-1021.26~20.04.1 <none>
2022-10-11 06:15:07 status unpacked linux-headers-5.15.0-1021-azure:amd64 5.15.0-1021.26~20.04.1
2022-10-11 06:15:07 status half-configured linux-headers-5.15.0-1021-azure:amd64 5.15.0-1021.26~20.04.1
2022-10-11 06:15:07 status installed linux-headers-5.15.0-1021-azure:amd64 5.15.0-1021.26~20.04.1
2022-10-11 06:15:07 configure linux-headers-azure:amd64 5.15.0.1021.26~20.04.14 <none>
2022-10-11 06:15:07 status unpacked linux-headers-azure:amd64 5.15.0.1021.26~20.04.14
2022-10-11 06:15:07 status half-configured linux-headers-azure:amd64 5.15.0.1021.26~20.04.14
2022-10-11 06:15:07 status installed linux-headers-azure:amd64 5.15.0.1021.26~20.04.14
2022-10-11 06:15:07 configure linux-image-azure:amd64 5.15.0.1021.26~20.04.14 <none>
2022-10-11 06:15:07 status unpacked linux-image-azure:amd64 5.15.0.1021.26~20.04.14
2022-10-11 06:15:07 status half-configured linux-image-azure:amd64 5.15.0.1021.26~20.04.14
2022-10-11 06:15:07 status installed linux-image-azure:amd64 5.15.0.1021.26~20.04.14
2022-10-11 06:15:07 configure linux-cloud-tools-5.15.0-1021-azure:amd64 5.15.0-1021.26~20.04.1 <none>
2022-10-11 06:15:07 status unpacked linux-cloud-tools-5.15.0-1021-azure:amd64 5.15.0-1021.26~20.04.1
2022-10-11 06:15:07 status half-configured linux-cloud-tools-5.15.0-1021-azure:amd64 5.15.0-1021.26~20.04.1
2022-10-11 06:15:07 status installed linux-cloud-tools-5.15.0-1021-azure:amd64 5.15.0-1021.26~20.04.1
2022-10-11 06:15:07 configure linux-cloud-tools-azure:amd64 5.15.0.1021.26~20.04.14 <none>
2022-10-11 06:15:07 status unpacked linux-cloud-tools-azure:amd64 5.15.0.1021.26~20.04.14
2022-10-11 06:15:07 status half-configured linux-cloud-tools-azure:amd64 5.15.0.1021.26~20.04.14
2022-10-11 06:15:07 status installed linux-cloud-tools-azure:amd64 5.15.0.1021.26~20.04.14
2022-10-11 06:15:07 configure linux-azure:amd64 5.15.0.1021.26~20.04.14 <none>
2022-10-11 06:15:07 status unpacked linux-azure:amd64 5.15.0.1021.26~20.04.14
2022-10-11 06:15:07 status half-configured linux-azure:amd64 5.15.0.1021.26~20.04.14
2022-10-11 06:15:07 status installed linux-azure:amd64 5.15.0.1021.26~20.04.14
2022-10-11 06:15:07 trigproc linux-image-5.15.0-1021-azure:amd64 5.15.0-1021.26~20.04.1 <none>
2022-10-11 06:15:07 status half-configured linux-image-5.15.0-1021-azure:amd64 5.15.0-1021.26~20.04.1
2022-10-11 06:15:18 status installed linux-image-5.15.0-1021-azure:amd64 5.15.0-1021.26~20.04.1
2022-10-11 06:15:20 startup archives unpack
2022-10-11 06:15:20 upgrade linux-tools-common:all 5.4.0-126.142 5.4.0-128.144
2022-10-11 06:15:20 status half-configured linux-tools-common:all 5.4.0-126.142
2022-10-11 06:15:20 status unpacked linux-tools-common:all 5.4.0-126.142
2022-10-11 06:15:20 status half-installed linux-tools-common:all 5.4.0-126.142
2022-10-11 06:15:20 status triggers-pending man-db:amd64 2.9.1-1
2022-10-11 06:15:21 status unpacked linux-tools-common:all 5.4.0-128.144
2022-10-11 06:15:21 startup packages configure
2022-10-11 06:15:21 configure linux-tools-common:all 5.4.0-128.144 <none>
2022-10-11 06:15:21 status unpacked linux-tools-common:all 5.4.0-128.144
2022-10-11 06:15:21 status half-configured linux-tools-common:all 5.4.0-128.144
2022-10-11 06:15:21 status installed linux-tools-common:all 5.4.0-128.144
2022-10-11 06:15:21 trigproc man-db:amd64 2.9.1-1 <none>
2022-10-11 06:15:21 status half-configured man-db:amd64 2.9.1-1
2022-10-11 06:15:22 status installed man-db:amd64 2.9.1-1
2022-10-11 06:15:24 startup archives unpack
2022-10-11 06:15:24 upgrade linux-cloud-tools-common:all 5.4.0-126.142 5.4.0-128.144
2022-10-11 06:15:24 status half-configured linux-cloud-tools-common:all 5.4.0-126.142
2022-10-11 06:15:24 status unpacked linux-cloud-tools-common:all 5.4.0-126.142
2022-10-11 06:15:24 status half-installed linux-cloud-tools-common:all 5.4.0-126.142
2022-10-11 06:15:24 status triggers-pending man-db:amd64 2.9.1-1
2022-10-11 06:15:24 status unpacked linux-cloud-tools-common:all 5.4.0-128.144
2022-10-11 06:15:24 startup packages configure
2022-10-11 06:15:24 configure linux-cloud-tools-common:all 5.4.0-128.144 <none>
2022-10-11 06:15:24 status unpacked linux-cloud-tools-common:all 5.4.0-128.144
2022-10-11 06:15:24 status half-configured linux-cloud-tools-common:all 5.4.0-128.144
2022-10-11 06:15:25 status installed linux-cloud-tools-common:all 5.4.0-128.144
2022-10-11 06:15:25 trigproc man-db:amd64 2.9.1-1 <none>
2022-10-11 06:15:25 status half-configured man-db:amd64 2.9.1-1
2022-10-11 06:15:25 status installed man-db:amd64 2.9.1-1
2022-10-11 06:15:28 startup packages remove
2022-10-11 06:15:28 status installed linux-headers-5.15.0-1020-azure:amd64 5.15.0-1020.25~20.04.1
2022-10-11 06:15:28 remove linux-headers-5.15.0-1020-azure:amd64 5.15.0-1020.25~20.04.1 <none>
2022-10-11 06:15:28 status half-configured linux-headers-5.15.0-1020-azure:amd64 5.15.0-1020.25~20.04.1
2022-10-11 06:15:28 status half-installed linux-headers-5.15.0-1020-azure:amd64 5.15.0-1020.25~20.04.1
2022-10-11 06:15:28 status config-files linux-headers-5.15.0-1020-azure:amd64 5.15.0-1020.25~20.04.1
2022-10-11 06:15:28 status not-installed linux-headers-5.15.0-1020-azure:amd64 <none>
2022-10-11 06:15:28 startup packages configure
2022-10-11 06:15:30 startup packages remove
2022-10-11 06:15:30 status installed linux-azure-5.15-headers-5.15.0-1020:all 5.15.0-1020.25~20.04.1
2022-10-11 06:15:31 remove linux-azure-5.15-headers-5.15.0-1020:all 5.15.0-1020.25~20.04.1 <none>
2022-10-11 06:15:31 status half-configured linux-azure-5.15-headers-5.15.0-1020:all 5.15.0-1020.25~20.04.1
2022-10-11 06:15:31 status half-installed linux-azure-5.15-headers-5.15.0-1020:all 5.15.0-1020.25~20.04.1
2022-10-11 06:15:32 status config-files linux-azure-5.15-headers-5.15.0-1020:all 5.15.0-1020.25~20.04.1
2022-10-11 06:15:32 status not-installed linux-azure-5.15-headers-5.15.0-1020:all <none>
2022-10-11 06:15:32 startup packages configure
2022-10-11 06:15:34 startup packages remove
2022-10-11 06:15:34 status installed linux-image-5.15.0-1020-azure:amd64 5.15.0-1020.25~20.04.1
2022-10-11 06:15:34 remove linux-image-5.15.0-1020-azure:amd64 5.15.0-1020.25~20.04.1 <none>
2022-10-11 06:15:34 status half-configured linux-image-5.15.0-1020-azure:amd64 5.15.0-1020.25~20.04.1
2022-10-11 06:15:34 status half-installed linux-image-5.15.0-1020-azure:amd64 5.15.0-1020.25~20.04.1
2022-10-11 06:15:37 status config-files linux-image-5.15.0-1020-azure:amd64 5.15.0-1020.25~20.04.1
2022-10-11 06:15:37 status installed linux-modules-5.15.0-1020-azure:amd64 5.15.0-1020.25~20.04.1
2022-10-11 06:15:37 remove linux-modules-5.15.0-1020-azure:amd64 5.15.0-1020.25~20.04.1 <none>
2022-10-11 06:15:37 status half-configured linux-modules-5.15.0-1020-azure:amd64 5.15.0-1020.25~20.04.1
2022-10-11 06:15:37 status half-installed linux-modules-5.15.0-1020-azure:amd64 5.15.0-1020.25~20.04.1
2022-10-11 06:15:37 status config-files linux-modules-5.15.0-1020-azure:amd64 5.15.0-1020.25~20.04.1
2022-10-11 06:15:37 startup packages configure
2022-10-11 06:15:39 startup packages remove
2022-10-11 06:15:39 status installed linux-tools-5.15.0-1020-azure:amd64 5.15.0-1020.25~20.04.1
2022-10-11 06:15:39 remove linux-tools-5.15.0-1020-azure:amd64 5.15.0-1020.25~20.04.1 <none>
2022-10-11 06:15:39 status half-configured linux-tools-5.15.0-1020-azure:amd64 5.15.0-1020.25~20.04.1
2022-10-11 06:15:39 status half-installed linux-tools-5.15.0-1020-azure:amd64 5.15.0-1020.25~20.04.1
2022-10-11 06:15:39 status config-files linux-tools-5.15.0-1020-azure:amd64 5.15.0-1020.25~20.04.1
2022-10-11 06:15:40 status not-installed linux-tools-5.15.0-1020-azure:amd64 <none>
2022-10-11 06:15:40 status installed linux-azure-5.15-tools-5.15.0-1020:amd64 5.15.0-1020.25~20.04.1
2022-10-11 06:15:40 remove linux-azure-5.15-tools-5.15.0-1020:amd64 5.15.0-1020.25~20.04.1 <none>
2022-10-11 06:15:40 status half-configured linux-azure-5.15-tools-5.15.0-1020:amd64 5.15.0-1020.25~20.04.1
2022-10-11 06:15:40 status half-installed linux-azure-5.15-tools-5.15.0-1020:amd64 5.15.0-1020.25~20.04.1
2022-10-11 06:15:40 status config-files linux-azure-5.15-tools-5.15.0-1020:amd64 5.15.0-1020.25~20.04.1
2022-10-11 06:15:40 status not-installed linux-azure-5.15-tools-5.15.0-1020:amd64 <none>
2022-10-11 06:15:40 startup packages configure
2022-10-11 06:15:42 startup packages remove
2022-10-11 06:15:42 status installed linux-cloud-tools-5.15.0-1020-azure:amd64 5.15.0-1020.25~20.04.1
2022-10-11 06:15:42 remove linux-cloud-tools-5.15.0-1020-azure:amd64 5.15.0-1020.25~20.04.1 <none>
2022-10-11 06:15:42 status half-configured linux-cloud-tools-5.15.0-1020-azure:amd64 5.15.0-1020.25~20.04.1
2022-10-11 06:15:42 status half-installed linux-cloud-tools-5.15.0-1020-azure:amd64 5.15.0-1020.25~20.04.1
2022-10-11 06:15:42 status config-files linux-cloud-tools-5.15.0-1020-azure:amd64 5.15.0-1020.25~20.04.1
2022-10-11 06:15:42 status not-installed linux-cloud-tools-5.15.0-1020-azure:amd64 <none>
2022-10-11 06:15:42 startup packages configure
2022-10-11 06:15:44 startup packages remove
2022-10-11 06:15:44 status installed linux-azure-5.15-cloud-tools-5.15.0-1020:amd64 5.15.0-1020.25~20.04.1
2022-10-11 06:15:44 remove linux-azure-5.15-cloud-tools-5.15.0-1020:amd64 5.15.0-1020.25~20.04.1 <none>
2022-10-11 06:15:44 status half-configured linux-azure-5.15-cloud-tools-5.15.0-1020:amd64 5.15.0-1020.25~20.04.1
2022-10-11 06:15:44 status half-installed linux-azure-5.15-cloud-tools-5.15.0-1020:amd64 5.15.0-1020.25~20.04.1
2022-10-11 06:15:44 status config-files linux-azure-5.15-cloud-tools-5.15.0-1020:amd64 5.15.0-1020.25~20.04.1
2022-10-11 06:15:44 status not-installed linux-azure-5.15-cloud-tools-5.15.0-1020:amd64 <none>
2022-10-11 06:15:44 startup packages configure
2022-10-13 06:02:47 startup archives unpack
2022-10-13 06:02:47 upgrade libgmp10:amd64 2:6.2.0+dfsg-4 2:6.2.0+dfsg-4ubuntu0.1
2022-10-13 06:02:47 status triggers-pending libc-bin:amd64 2.31-0ubuntu9.9
2022-10-13 06:02:47 status half-configured libgmp10:amd64 2:6.2.0+dfsg-4
2022-10-13 06:02:47 status unpacked libgmp10:amd64 2:6.2.0+dfsg-4
2022-10-13 06:02:47 status half-installed libgmp10:amd64 2:6.2.0+dfsg-4
2022-10-13 06:02:47 status unpacked libgmp10:amd64 2:6.2.0+dfsg-4ubuntu0.1
2022-10-13 06:02:47 startup packages configure
2022-10-13 06:02:47 configure libgmp10:amd64 2:6.2.0+dfsg-4ubuntu0.1 <none>
2022-10-13 06:02:47 status unpacked libgmp10:amd64 2:6.2.0+dfsg-4ubuntu0.1
2022-10-13 06:02:47 status half-configured libgmp10:amd64 2:6.2.0+dfsg-4ubuntu0.1
2022-10-13 06:02:47 status installed libgmp10:amd64 2:6.2.0+dfsg-4ubuntu0.1
2022-10-13 06:02:47 startup packages configure
2022-10-13 06:02:47 trigproc libc-bin:amd64 2.31-0ubuntu9.9 <none>
2022-10-13 06:02:47 status half-configured libc-bin:amd64 2.31-0ubuntu9.9
2022-10-13 06:02:47 status installed libc-bin:amd64 2.31-0ubuntu9.9
2022-10-14 06:18:03 startup archives unpack
2022-10-14 06:18:03 upgrade libheimbase1-heimdal:amd64 7.7.0+dfsg-1ubuntu1 7.7.0+dfsg-1ubuntu1.1
2022-10-14 06:18:03 status triggers-pending libc-bin:amd64 2.31-0ubuntu9.9
2022-10-14 06:18:03 status half-configured libheimbase1-heimdal:amd64 7.7.0+dfsg-1ubuntu1
2022-10-14 06:18:03 status unpacked libheimbase1-heimdal:amd64 7.7.0+dfsg-1ubuntu1
2022-10-14 06:18:03 status half-installed libheimbase1-heimdal:amd64 7.7.0+dfsg-1ubuntu1
2022-10-14 06:18:03 status unpacked libheimbase1-heimdal:amd64 7.7.0+dfsg-1ubuntu1.1
2022-10-14 06:18:03 startup packages configure
2022-10-14 06:18:03 configure libheimbase1-heimdal:amd64 7.7.0+dfsg-1ubuntu1.1 <none>
2022-10-14 06:18:03 status unpacked libheimbase1-heimdal:amd64 7.7.0+dfsg-1ubuntu1.1
2022-10-14 06:18:03 status half-configured libheimbase1-heimdal:amd64 7.7.0+dfsg-1ubuntu1.1
2022-10-14 06:18:03 status installed libheimbase1-heimdal:amd64 7.7.0+dfsg-1ubuntu1.1
2022-10-14 06:18:03 trigproc libc-bin:amd64 2.31-0ubuntu9.9 <none>
2022-10-14 06:18:03 status half-configured libc-bin:amd64 2.31-0ubuntu9.9
2022-10-14 06:18:03 status installed libc-bin:amd64 2.31-0ubuntu9.9
2022-10-14 06:18:06 startup archives unpack
2022-10-14 06:18:06 upgrade libhx509-5-heimdal:amd64 7.7.0+dfsg-1ubuntu1 7.7.0+dfsg-1ubuntu1.1
2022-10-14 06:18:06 status triggers-pending libc-bin:amd64 2.31-0ubuntu9.9
2022-10-14 06:18:06 status half-configured libhx509-5-heimdal:amd64 7.7.0+dfsg-1ubuntu1
2022-10-14 06:18:06 status unpacked libhx509-5-heimdal:amd64 7.7.0+dfsg-1ubuntu1
2022-10-14 06:18:06 status half-installed libhx509-5-heimdal:amd64 7.7.0+dfsg-1ubuntu1
2022-10-14 06:18:06 status unpacked libhx509-5-heimdal:amd64 7.7.0+dfsg-1ubuntu1.1
2022-10-14 06:18:06 startup packages configure
2022-10-14 06:18:06 configure libhx509-5-heimdal:amd64 7.7.0+dfsg-1ubuntu1.1 <none>
2022-10-14 06:18:06 status unpacked libhx509-5-heimdal:amd64 7.7.0+dfsg-1ubuntu1.1
2022-10-14 06:18:06 status half-configured libhx509-5-heimdal:amd64 7.7.0+dfsg-1ubuntu1.1
2022-10-14 06:18:06 status installed libhx509-5-heimdal:amd64 7.7.0+dfsg-1ubuntu1.1
2022-10-14 06:18:06 trigproc libc-bin:amd64 2.31-0ubuntu9.9 <none>
2022-10-14 06:18:06 status half-configured libc-bin:amd64 2.31-0ubuntu9.9
2022-10-14 06:18:06 status installed libc-bin:amd64 2.31-0ubuntu9.9
2022-10-14 06:18:09 startup archives unpack
2022-10-14 06:18:09 upgrade libwind0-heimdal:amd64 7.7.0+dfsg-1ubuntu1 7.7.0+dfsg-1ubuntu1.1
2022-10-14 06:18:09 status triggers-pending libc-bin:amd64 2.31-0ubuntu9.9
2022-10-14 06:18:09 status half-configured libwind0-heimdal:amd64 7.7.0+dfsg-1ubuntu1
2022-10-14 06:18:09 status unpacked libwind0-heimdal:amd64 7.7.0+dfsg-1ubuntu1
2022-10-14 06:18:09 status half-installed libwind0-heimdal:amd64 7.7.0+dfsg-1ubuntu1
2022-10-14 06:18:09 status unpacked libwind0-heimdal:amd64 7.7.0+dfsg-1ubuntu1.1
2022-10-14 06:18:09 startup packages configure
2022-10-14 06:18:09 configure libwind0-heimdal:amd64 7.7.0+dfsg-1ubuntu1.1 <none>
2022-10-14 06:18:09 status unpacked libwind0-heimdal:amd64 7.7.0+dfsg-1ubuntu1.1
2022-10-14 06:18:09 status half-configured libwind0-heimdal:amd64 7.7.0+dfsg-1ubuntu1.1
2022-10-14 06:18:09 status installed libwind0-heimdal:amd64 7.7.0+dfsg-1ubuntu1.1
2022-10-14 06:18:09 trigproc libc-bin:amd64 2.31-0ubuntu9.9 <none>
2022-10-14 06:18:09 status half-configured libc-bin:amd64 2.31-0ubuntu9.9
2022-10-14 06:18:09 status installed libc-bin:amd64 2.31-0ubuntu9.9
2022-10-14 06:18:11 startup archives unpack
2022-10-14 06:18:12 upgrade libasn1-8-heimdal:amd64 7.7.0+dfsg-1ubuntu1 7.7.0+dfsg-1ubuntu1.1
2022-10-14 06:18:12 status triggers-pending libc-bin:amd64 2.31-0ubuntu9.9
2022-10-14 06:18:12 status half-configured libasn1-8-heimdal:amd64 7.7.0+dfsg-1ubuntu1
2022-10-14 06:18:12 status unpacked libasn1-8-heimdal:amd64 7.7.0+dfsg-1ubuntu1
2022-10-14 06:18:12 status half-installed libasn1-8-heimdal:amd64 7.7.0+dfsg-1ubuntu1
2022-10-14 06:18:12 status unpacked libasn1-8-heimdal:amd64 7.7.0+dfsg-1ubuntu1.1
2022-10-14 06:18:12 startup packages configure
2022-10-14 06:18:12 configure libasn1-8-heimdal:amd64 7.7.0+dfsg-1ubuntu1.1 <none>
2022-10-14 06:18:12 status unpacked libasn1-8-heimdal:amd64 7.7.0+dfsg-1ubuntu1.1
2022-10-14 06:18:12 status half-configured libasn1-8-heimdal:amd64 7.7.0+dfsg-1ubuntu1.1
2022-10-14 06:18:12 status installed libasn1-8-heimdal:amd64 7.7.0+dfsg-1ubuntu1.1
2022-10-14 06:18:12 trigproc libc-bin:amd64 2.31-0ubuntu9.9 <none>
2022-10-14 06:18:12 status half-configured libc-bin:amd64 2.31-0ubuntu9.9
2022-10-14 06:18:12 status installed libc-bin:amd64 2.31-0ubuntu9.9
2022-10-14 06:18:14 startup archives unpack
2022-10-14 06:18:14 upgrade libheimntlm0-heimdal:amd64 7.7.0+dfsg-1ubuntu1 7.7.0+dfsg-1ubuntu1.1
2022-10-14 06:18:14 status triggers-pending libc-bin:amd64 2.31-0ubuntu9.9
2022-10-14 06:18:14 status half-configured libheimntlm0-heimdal:amd64 7.7.0+dfsg-1ubuntu1
2022-10-14 06:18:14 status unpacked libheimntlm0-heimdal:amd64 7.7.0+dfsg-1ubuntu1
2022-10-14 06:18:14 status half-installed libheimntlm0-heimdal:amd64 7.7.0+dfsg-1ubuntu1
2022-10-14 06:18:14 status unpacked libheimntlm0-heimdal:amd64 7.7.0+dfsg-1ubuntu1.1
2022-10-14 06:18:14 startup packages configure
2022-10-14 06:18:14 configure libheimntlm0-heimdal:amd64 7.7.0+dfsg-1ubuntu1.1 <none>
2022-10-14 06:18:14 status unpacked libheimntlm0-heimdal:amd64 7.7.0+dfsg-1ubuntu1.1
2022-10-14 06:18:15 status half-configured libheimntlm0-heimdal:amd64 7.7.0+dfsg-1ubuntu1.1
2022-10-14 06:18:15 status installed libheimntlm0-heimdal:amd64 7.7.0+dfsg-1ubuntu1.1
2022-10-14 06:18:15 trigproc libc-bin:amd64 2.31-0ubuntu9.9 <none>
2022-10-14 06:18:15 status half-configured libc-bin:amd64 2.31-0ubuntu9.9
2022-10-14 06:18:15 status installed libc-bin:amd64 2.31-0ubuntu9.9
2022-10-14 06:18:17 startup archives unpack
2022-10-14 06:18:17 upgrade libroken18-heimdal:amd64 7.7.0+dfsg-1ubuntu1 7.7.0+dfsg-1ubuntu1.1
2022-10-14 06:18:17 status triggers-pending libc-bin:amd64 2.31-0ubuntu9.9
2022-10-14 06:18:17 status half-configured libroken18-heimdal:amd64 7.7.0+dfsg-1ubuntu1
2022-10-14 06:18:17 status unpacked libroken18-heimdal:amd64 7.7.0+dfsg-1ubuntu1
2022-10-14 06:18:17 status half-installed libroken18-heimdal:amd64 7.7.0+dfsg-1ubuntu1
2022-10-14 06:18:17 status unpacked libroken18-heimdal:amd64 7.7.0+dfsg-1ubuntu1.1
2022-10-14 06:18:17 startup packages configure
2022-10-14 06:18:17 configure libroken18-heimdal:amd64 7.7.0+dfsg-1ubuntu1.1 <none>
2022-10-14 06:18:17 status unpacked libroken18-heimdal:amd64 7.7.0+dfsg-1ubuntu1.1
2022-10-14 06:18:17 status half-configured libroken18-heimdal:amd64 7.7.0+dfsg-1ubuntu1.1
2022-10-14 06:18:17 status installed libroken18-heimdal:amd64 7.7.0+dfsg-1ubuntu1.1
2022-10-14 06:18:17 trigproc libc-bin:amd64 2.31-0ubuntu9.9 <none>
2022-10-14 06:18:17 status half-configured libc-bin:amd64 2.31-0ubuntu9.9
2022-10-14 06:18:17 status installed libc-bin:amd64 2.31-0ubuntu9.9
2022-10-14 06:18:20 startup archives unpack
2022-10-14 06:18:20 upgrade libkrb5-26-heimdal:amd64 7.7.0+dfsg-1ubuntu1 7.7.0+dfsg-1ubuntu1.1
2022-10-14 06:18:20 status triggers-pending libc-bin:amd64 2.31-0ubuntu9.9
2022-10-14 06:18:20 status half-configured libkrb5-26-heimdal:amd64 7.7.0+dfsg-1ubuntu1
2022-10-14 06:18:20 status unpacked libkrb5-26-heimdal:amd64 7.7.0+dfsg-1ubuntu1
2022-10-14 06:18:20 status half-installed libkrb5-26-heimdal:amd64 7.7.0+dfsg-1ubuntu1
2022-10-14 06:18:20 status unpacked libkrb5-26-heimdal:amd64 7.7.0+dfsg-1ubuntu1.1
2022-10-14 06:18:20 startup packages configure
2022-10-14 06:18:20 configure libkrb5-26-heimdal:amd64 7.7.0+dfsg-1ubuntu1.1 <none>
2022-10-14 06:18:20 status unpacked libkrb5-26-heimdal:amd64 7.7.0+dfsg-1ubuntu1.1
2022-10-14 06:18:20 status half-configured libkrb5-26-heimdal:amd64 7.7.0+dfsg-1ubuntu1.1
2022-10-14 06:18:20 status installed libkrb5-26-heimdal:amd64 7.7.0+dfsg-1ubuntu1.1
2022-10-14 06:18:20 trigproc libc-bin:amd64 2.31-0ubuntu9.9 <none>
2022-10-14 06:18:20 status half-configured libc-bin:amd64 2.31-0ubuntu9.9
2022-10-14 06:18:20 status installed libc-bin:amd64 2.31-0ubuntu9.9
2022-10-14 06:18:23 startup archives unpack
2022-10-14 06:18:23 upgrade libgssapi3-heimdal:amd64 7.7.0+dfsg-1ubuntu1 7.7.0+dfsg-1ubuntu1.1
2022-10-14 06:18:23 status triggers-pending libc-bin:amd64 2.31-0ubuntu9.9
2022-10-14 06:18:23 status half-configured libgssapi3-heimdal:amd64 7.7.0+dfsg-1ubuntu1
2022-10-14 06:18:23 status unpacked libgssapi3-heimdal:amd64 7.7.0+dfsg-1ubuntu1
2022-10-14 06:18:23 status half-installed libgssapi3-heimdal:amd64 7.7.0+dfsg-1ubuntu1
2022-10-14 06:18:23 status unpacked libgssapi3-heimdal:amd64 7.7.0+dfsg-1ubuntu1.1
2022-10-14 06:18:23 startup packages configure
2022-10-14 06:18:23 configure libgssapi3-heimdal:amd64 7.7.0+dfsg-1ubuntu1.1 <none>
2022-10-14 06:18:23 status unpacked libgssapi3-heimdal:amd64 7.7.0+dfsg-1ubuntu1.1
2022-10-14 06:18:23 status half-configured libgssapi3-heimdal:amd64 7.7.0+dfsg-1ubuntu1.1
2022-10-14 06:18:23 status installed libgssapi3-heimdal:amd64 7.7.0+dfsg-1ubuntu1.1
2022-10-14 06:18:23 trigproc libc-bin:amd64 2.31-0ubuntu9.9 <none>
2022-10-14 06:18:23 status half-configured libc-bin:amd64 2.31-0ubuntu9.9
2022-10-14 06:18:23 status installed libc-bin:amd64 2.31-0ubuntu9.9
2022-10-14 06:18:25 startup archives unpack
2022-10-14 06:18:25 upgrade libhcrypto4-heimdal:amd64 7.7.0+dfsg-1ubuntu1 7.7.0+dfsg-1ubuntu1.1
2022-10-14 06:18:25 status triggers-pending libc-bin:amd64 2.31-0ubuntu9.9
2022-10-14 06:18:25 status half-configured libhcrypto4-heimdal:amd64 7.7.0+dfsg-1ubuntu1
2022-10-14 06:18:25 status unpacked libhcrypto4-heimdal:amd64 7.7.0+dfsg-1ubuntu1
2022-10-14 06:18:25 status half-installed libhcrypto4-heimdal:amd64 7.7.0+dfsg-1ubuntu1
2022-10-14 06:18:25 status unpacked libhcrypto4-heimdal:amd64 7.7.0+dfsg-1ubuntu1.1
2022-10-14 06:18:26 startup packages configure
2022-10-14 06:18:26 configure libhcrypto4-heimdal:amd64 7.7.0+dfsg-1ubuntu1.1 <none>
2022-10-14 06:18:26 status unpacked libhcrypto4-heimdal:amd64 7.7.0+dfsg-1ubuntu1.1
2022-10-14 06:18:26 status half-configured libhcrypto4-heimdal:amd64 7.7.0+dfsg-1ubuntu1.1
2022-10-14 06:18:26 status installed libhcrypto4-heimdal:amd64 7.7.0+dfsg-1ubuntu1.1
2022-10-14 06:18:26 trigproc libc-bin:amd64 2.31-0ubuntu9.9 <none>
2022-10-14 06:18:26 status half-configured libc-bin:amd64 2.31-0ubuntu9.9
2022-10-14 06:18:26 status installed libc-bin:amd64 2.31-0ubuntu9.9
2022-10-18 07:00:00 startup archives unpack
2022-10-18 07:00:00 upgrade zlib1g:amd64 1:1.2.11.dfsg-2ubuntu1.3 1:1.2.11.dfsg-2ubuntu1.5
2022-10-18 07:00:00 status triggers-pending libc-bin:amd64 2.31-0ubuntu9.9
2022-10-18 07:00:00 status half-configured zlib1g:amd64 1:1.2.11.dfsg-2ubuntu1.3
2022-10-18 07:00:00 status unpacked zlib1g:amd64 1:1.2.11.dfsg-2ubuntu1.3
2022-10-18 07:00:00 status half-installed zlib1g:amd64 1:1.2.11.dfsg-2ubuntu1.3
2022-10-18 07:00:01 status unpacked zlib1g:amd64 1:1.2.11.dfsg-2ubuntu1.5
2022-10-18 07:00:01 startup packages configure
2022-10-18 07:00:01 configure zlib1g:amd64 1:1.2.11.dfsg-2ubuntu1.5 <none>
2022-10-18 07:00:01 status unpacked zlib1g:amd64 1:1.2.11.dfsg-2ubuntu1.5
2022-10-18 07:00:01 status half-configured zlib1g:amd64 1:1.2.11.dfsg-2ubuntu1.5
2022-10-18 07:00:01 status installed zlib1g:amd64 1:1.2.11.dfsg-2ubuntu1.5
2022-10-18 07:00:01 startup packages configure
2022-10-18 07:00:01 trigproc libc-bin:amd64 2.31-0ubuntu9.9 <none>
2022-10-18 07:00:01 status half-configured libc-bin:amd64 2.31-0ubuntu9.9
2022-10-18 07:00:01 status installed libc-bin:amd64 2.31-0ubuntu9.9
