2022-10-01 00:03:58,069 - timer.py:(45) [DEBUG]: Running job: update_messaging
2022-10-01 00:03:58,147 - timer.py:(47) [DEBUG]: Executed job: update_messaging
2022-10-01 00:03:58,147 - timer.py:(45) [DEBUG]: Running job: metering
2022-10-01 06:16:57,005 - timer.py:(45) [DEBUG]: Running job: update_messaging
2022-10-01 06:16:57,083 - timer.py:(47) [DEBUG]: Executed job: update_messaging
2022-10-01 06:16:57,083 - timer.py:(45) [DEBUG]: Running job: update_status
2022-10-01 06:16:57,084 - timer.py:(47) [DEBUG]: Executed job: update_status
2022-10-01 06:16:57,084 - timer.py:(45) [DEBUG]: Running job: metering
2022-10-01 12:25:03,699 - timer.py:(45) [DEBUG]: Running job: update_messaging
2022-10-01 12:25:03,777 - timer.py:(47) [DEBUG]: Executed job: update_messaging
2022-10-01 12:25:03,778 - timer.py:(45) [DEBUG]: Running job: metering
2022-10-01 19:05:03,701 - timer.py:(45) [DEBUG]: Running job: update_messaging
2022-10-01 19:05:03,780 - timer.py:(47) [DEBUG]: Executed job: update_messaging
2022-10-01 19:05:03,780 - timer.py:(45) [DEBUG]: Running job: update_status
2022-10-01 19:05:03,780 - timer.py:(47) [DEBUG]: Executed job: update_status
2022-10-01 19:05:03,780 - timer.py:(45) [DEBUG]: Running job: metering
2022-10-02 01:41:28,175 - timer.py:(45) [DEBUG]: Running job: update_messaging
2022-10-02 01:41:28,253 - timer.py:(47) [DEBUG]: Executed job: update_messaging
2022-10-02 01:41:28,253 - timer.py:(45) [DEBUG]: Running job: metering
2022-10-02 07:48:01,975 - timer.py:(45) [DEBUG]: Running job: update_messaging
2022-10-02 07:48:02,052 - timer.py:(47) [DEBUG]: Executed job: update_messaging
2022-10-02 07:48:02,052 - timer.py:(45) [DEBUG]: Running job: update_status
2022-10-02 07:48:02,052 - timer.py:(47) [DEBUG]: Executed job: update_status
2022-10-02 07:48:02,053 - timer.py:(45) [DEBUG]: Running job: metering
2022-10-02 13:51:02,333 - timer.py:(45) [DEBUG]: Running job: update_messaging
2022-10-02 13:51:02,419 - timer.py:(47) [DEBUG]: Executed job: update_messaging
2022-10-02 13:51:02,420 - timer.py:(45) [DEBUG]: Running job: metering
2022-10-02 20:19:15,731 - timer.py:(45) [DEBUG]: Running job: update_messaging
2022-10-02 20:19:15,808 - timer.py:(47) [DEBUG]: Executed job: update_messaging
2022-10-02 20:19:15,808 - timer.py:(45) [DEBUG]: Running job: update_status
2022-10-02 20:19:15,808 - timer.py:(47) [DEBUG]: Executed job: update_status
2022-10-02 20:19:15,808 - timer.py:(45) [DEBUG]: Running job: metering
2022-10-03 02:52:38,354 - timer.py:(45) [DEBUG]: Running job: update_messaging
2022-10-03 02:52:38,432 - timer.py:(47) [DEBUG]: Executed job: update_messaging
2022-10-03 02:52:38,432 - timer.py:(45) [DEBUG]: Running job: metering
2022-10-03 09:11:24,414 - timer.py:(45) [DEBUG]: Running job: update_messaging
2022-10-03 09:11:24,492 - timer.py:(47) [DEBUG]: Executed job: update_messaging
2022-10-03 09:11:24,492 - timer.py:(45) [DEBUG]: Running job: update_status
2022-10-03 09:11:24,492 - timer.py:(47) [DEBUG]: Executed job: update_status
2022-10-03 09:11:24,492 - timer.py:(45) [DEBUG]: Running job: metering
2022-10-03 16:07:23,979 - timer.py:(45) [DEBUG]: Running job: update_messaging
2022-10-03 16:07:24,055 - timer.py:(47) [DEBUG]: Executed job: update_messaging
2022-10-03 16:07:24,056 - timer.py:(45) [DEBUG]: Running job: metering
2022-10-03 23:06:51,153 - timer.py:(45) [DEBUG]: Running job: update_messaging
2022-10-03 23:06:51,229 - timer.py:(47) [DEBUG]: Executed job: update_messaging
2022-10-03 23:06:51,229 - timer.py:(45) [DEBUG]: Running job: update_status
2022-10-03 23:06:51,229 - timer.py:(47) [DEBUG]: Executed job: update_status
2022-10-03 23:06:51,229 - timer.py:(45) [DEBUG]: Running job: metering
2022-10-04 06:06:38,858 - timer.py:(45) [DEBUG]: Running job: update_messaging
2022-10-04 06:06:38,932 - timer.py:(47) [DEBUG]: Executed job: update_messaging
2022-10-04 06:06:38,933 - timer.py:(45) [DEBUG]: Running job: metering
2022-10-04 12:12:52,702 - timer.py:(45) [DEBUG]: Running job: update_messaging
2022-10-04 12:12:52,778 - timer.py:(47) [DEBUG]: Executed job: update_messaging
2022-10-04 12:12:52,779 - timer.py:(45) [DEBUG]: Running job: update_status
2022-10-04 12:12:52,779 - timer.py:(47) [DEBUG]: Executed job: update_status
2022-10-04 12:12:52,779 - timer.py:(45) [DEBUG]: Running job: metering
2022-10-04 18:21:51,150 - timer.py:(45) [DEBUG]: Running job: update_messaging
2022-10-04 18:21:51,226 - timer.py:(47) [DEBUG]: Executed job: update_messaging
2022-10-04 18:21:51,227 - timer.py:(45) [DEBUG]: Running job: metering
2022-10-05 00:52:34,221 - timer.py:(45) [DEBUG]: Running job: update_messaging
2022-10-05 00:52:34,297 - timer.py:(47) [DEBUG]: Executed job: update_messaging
2022-10-05 00:52:34,297 - timer.py:(45) [DEBUG]: Running job: update_status
2022-10-05 00:52:34,298 - timer.py:(47) [DEBUG]: Executed job: update_status
2022-10-05 00:52:34,298 - timer.py:(45) [DEBUG]: Running job: metering
2022-10-05 06:58:15,016 - timer.py:(45) [DEBUG]: Running job: update_messaging
2022-10-05 06:58:15,090 - timer.py:(47) [DEBUG]: Executed job: update_messaging
2022-10-05 06:58:15,091 - timer.py:(45) [DEBUG]: Running job: metering
2022-10-05 13:35:03,698 - timer.py:(45) [DEBUG]: Running job: update_messaging
2022-10-05 13:35:03,775 - timer.py:(47) [DEBUG]: Executed job: update_messaging
2022-10-05 13:35:03,775 - timer.py:(45) [DEBUG]: Running job: update_status
2022-10-05 13:35:03,775 - timer.py:(47) [DEBUG]: Executed job: update_status
2022-10-05 13:35:03,776 - timer.py:(45) [DEBUG]: Running job: metering
2022-10-05 19:36:03,696 - timer.py:(45) [DEBUG]: Running job: update_messaging
2022-10-05 19:36:03,770 - timer.py:(47) [DEBUG]: Executed job: update_messaging
2022-10-05 19:36:03,771 - timer.py:(45) [DEBUG]: Running job: metering
2022-10-06 01:42:03,697 - timer.py:(45) [DEBUG]: Running job: update_messaging
2022-10-06 01:42:03,771 - timer.py:(47) [DEBUG]: Executed job: update_messaging
2022-10-06 01:42:03,771 - timer.py:(45) [DEBUG]: Running job: update_status
2022-10-06 01:42:03,772 - timer.py:(47) [DEBUG]: Executed job: update_status
2022-10-06 01:42:03,772 - timer.py:(45) [DEBUG]: Running job: metering
2022-10-06 08:06:45,008 - timer.py:(45) [DEBUG]: Running job: update_messaging
2022-10-06 08:06:45,085 - timer.py:(47) [DEBUG]: Executed job: update_messaging
2022-10-06 08:06:45,086 - timer.py:(45) [DEBUG]: Running job: metering
2022-10-06 14:19:08,668 - timer.py:(45) [DEBUG]: Running job: update_messaging
2022-10-06 14:19:08,743 - timer.py:(47) [DEBUG]: Executed job: update_messaging
2022-10-06 14:19:08,744 - timer.py:(45) [DEBUG]: Running job: update_status
2022-10-06 14:19:08,744 - timer.py:(47) [DEBUG]: Executed job: update_status
2022-10-06 14:19:08,744 - timer.py:(45) [DEBUG]: Running job: metering
2022-10-06 21:06:51,152 - timer.py:(45) [DEBUG]: Running job: update_messaging
2022-10-06 21:06:51,227 - timer.py:(47) [DEBUG]: Executed job: update_messaging
2022-10-06 21:06:51,228 - timer.py:(45) [DEBUG]: Running job: metering
2022-10-07 04:06:51,153 - timer.py:(45) [DEBUG]: Running job: update_messaging
2022-10-07 04:06:51,229 - timer.py:(47) [DEBUG]: Executed job: update_messaging
2022-10-07 04:06:51,229 - timer.py:(45) [DEBUG]: Running job: update_status
2022-10-07 04:06:51,229 - timer.py:(47) [DEBUG]: Executed job: update_status
2022-10-07 04:06:51,230 - timer.py:(45) [DEBUG]: Running job: metering
2022-10-07 10:21:19,113 - timer.py:(45) [DEBUG]: Running job: update_messaging
2022-10-07 10:21:19,188 - timer.py:(47) [DEBUG]: Executed job: update_messaging
2022-10-07 10:21:19,188 - timer.py:(45) [DEBUG]: Running job: metering
2022-10-07 16:48:40,137 - timer.py:(45) [DEBUG]: Running job: update_messaging
2022-10-07 16:48:40,223 - timer.py:(47) [DEBUG]: Executed job: update_messaging
2022-10-07 16:48:40,224 - timer.py:(45) [DEBUG]: Running job: update_status
2022-10-07 16:48:40,224 - timer.py:(47) [DEBUG]: Executed job: update_status
2022-10-07 16:48:40,224 - timer.py:(45) [DEBUG]: Running job: metering
2022-10-07 23:11:28,290 - timer.py:(45) [DEBUG]: Running job: update_messaging
2022-10-07 23:11:28,364 - timer.py:(47) [DEBUG]: Executed job: update_messaging
2022-10-07 23:11:28,365 - timer.py:(45) [DEBUG]: Running job: metering
2022-10-08 05:24:37,153 - timer.py:(45) [DEBUG]: Running job: update_messaging
2022-10-08 05:24:37,229 - timer.py:(47) [DEBUG]: Executed job: update_messaging
2022-10-08 05:24:37,230 - timer.py:(45) [DEBUG]: Running job: update_status
2022-10-08 05:24:37,230 - timer.py:(47) [DEBUG]: Executed job: update_status
2022-10-08 05:24:37,230 - timer.py:(45) [DEBUG]: Running job: metering
2022-10-08 12:02:03,696 - timer.py:(45) [DEBUG]: Running job: update_messaging
2022-10-08 12:02:03,770 - timer.py:(47) [DEBUG]: Executed job: update_messaging
2022-10-08 12:02:03,771 - timer.py:(45) [DEBUG]: Running job: metering
2022-10-08 18:19:52,288 - timer.py:(45) [DEBUG]: Running job: update_messaging
2022-10-08 18:19:52,363 - timer.py:(47) [DEBUG]: Executed job: update_messaging
2022-10-08 18:19:52,363 - timer.py:(45) [DEBUG]: Running job: update_status
2022-10-08 18:19:52,363 - timer.py:(47) [DEBUG]: Executed job: update_status
2022-10-08 18:19:52,363 - timer.py:(45) [DEBUG]: Running job: metering
2022-10-09 01:15:00,249 - timer.py:(45) [DEBUG]: Running job: update_messaging
2022-10-09 01:15:00,323 - timer.py:(47) [DEBUG]: Executed job: update_messaging
2022-10-09 01:15:00,323 - timer.py:(45) [DEBUG]: Running job: metering
2022-10-09 07:30:42,005 - timer.py:(45) [DEBUG]: Running job: update_messaging
2022-10-09 07:30:42,078 - timer.py:(47) [DEBUG]: Executed job: update_messaging
2022-10-09 07:30:42,079 - timer.py:(45) [DEBUG]: Running job: update_status
2022-10-09 07:30:42,079 - timer.py:(47) [DEBUG]: Executed job: update_status
2022-10-09 07:30:42,079 - timer.py:(45) [DEBUG]: Running job: metering
2022-10-09 14:00:03,699 - timer.py:(45) [DEBUG]: Running job: update_messaging
2022-10-09 14:00:03,776 - timer.py:(47) [DEBUG]: Executed job: update_messaging
2022-10-09 14:00:03,776 - timer.py:(45) [DEBUG]: Running job: metering
2022-10-09 20:10:03,694 - timer.py:(45) [DEBUG]: Running job: update_messaging
2022-10-09 20:10:03,769 - timer.py:(47) [DEBUG]: Executed job: update_messaging
2022-10-09 20:10:03,769 - timer.py:(45) [DEBUG]: Running job: update_status
2022-10-09 20:10:03,769 - timer.py:(47) [DEBUG]: Executed job: update_status
2022-10-09 20:10:03,769 - timer.py:(45) [DEBUG]: Running job: metering
2022-10-10 02:17:29,504 - timer.py:(45) [DEBUG]: Running job: update_messaging
2022-10-10 02:17:29,578 - timer.py:(47) [DEBUG]: Executed job: update_messaging
2022-10-10 02:17:29,579 - timer.py:(45) [DEBUG]: Running job: metering
2022-10-10 08:39:03,698 - timer.py:(45) [DEBUG]: Running job: update_messaging
2022-10-10 08:39:03,773 - timer.py:(47) [DEBUG]: Executed job: update_messaging
2022-10-10 08:39:03,773 - timer.py:(45) [DEBUG]: Running job: update_status
2022-10-10 08:39:03,773 - timer.py:(47) [DEBUG]: Executed job: update_status
2022-10-10 08:39:03,773 - timer.py:(45) [DEBUG]: Running job: metering
2022-10-10 15:33:01,579 - timer.py:(45) [DEBUG]: Running job: update_messaging
2022-10-10 15:33:01,653 - timer.py:(47) [DEBUG]: Executed job: update_messaging
2022-10-10 15:33:01,654 - timer.py:(45) [DEBUG]: Running job: metering
2022-10-10 21:34:21,152 - timer.py:(45) [DEBUG]: Running job: update_messaging
2022-10-10 21:34:21,227 - timer.py:(47) [DEBUG]: Executed job: update_messaging
2022-10-10 21:34:21,227 - timer.py:(45) [DEBUG]: Running job: update_status
2022-10-10 21:34:21,227 - timer.py:(47) [DEBUG]: Executed job: update_status
2022-10-10 21:34:21,227 - timer.py:(45) [DEBUG]: Running job: metering
2022-10-11 04:13:00,148 - timer.py:(45) [DEBUG]: Running job: update_messaging
2022-10-11 04:13:00,222 - timer.py:(47) [DEBUG]: Executed job: update_messaging
2022-10-11 04:13:00,223 - timer.py:(45) [DEBUG]: Running job: metering
2022-10-11 10:52:52,903 - timer.py:(45) [DEBUG]: Running job: update_messaging
2022-10-11 10:52:52,991 - timer.py:(47) [DEBUG]: Executed job: update_messaging
2022-10-11 10:52:52,992 - timer.py:(45) [DEBUG]: Running job: update_status
2022-10-11 10:52:52,992 - timer.py:(47) [DEBUG]: Executed job: update_status
2022-10-11 10:52:52,992 - timer.py:(45) [DEBUG]: Running job: metering
2022-10-11 17:27:40,924 - timer.py:(45) [DEBUG]: Running job: update_messaging
2022-10-11 17:27:40,999 - timer.py:(47) [DEBUG]: Executed job: update_messaging
2022-10-11 17:27:40,999 - timer.py:(45) [DEBUG]: Running job: metering
2022-10-11 23:51:51,153 - timer.py:(45) [DEBUG]: Running job: update_messaging
2022-10-11 23:51:51,228 - timer.py:(47) [DEBUG]: Executed job: update_messaging
2022-10-11 23:51:51,229 - timer.py:(45) [DEBUG]: Running job: update_status
2022-10-11 23:51:51,229 - timer.py:(47) [DEBUG]: Executed job: update_status
2022-10-11 23:51:51,229 - timer.py:(45) [DEBUG]: Running job: metering
2022-10-12 05:52:03,694 - timer.py:(45) [DEBUG]: Running job: update_messaging
2022-10-12 05:52:03,768 - timer.py:(47) [DEBUG]: Executed job: update_messaging
2022-10-12 05:52:03,769 - timer.py:(45) [DEBUG]: Running job: metering
2022-10-12 11:54:52,667 - timer.py:(45) [DEBUG]: Running job: update_messaging
2022-10-12 11:54:52,750 - timer.py:(47) [DEBUG]: Executed job: update_messaging
2022-10-12 11:54:52,751 - timer.py:(45) [DEBUG]: Running job: update_status
2022-10-12 11:54:52,751 - timer.py:(47) [DEBUG]: Executed job: update_status
2022-10-12 11:54:52,751 - timer.py:(45) [DEBUG]: Running job: metering
2022-10-12 18:31:46,722 - timer.py:(45) [DEBUG]: Running job: update_messaging
2022-10-12 18:31:46,795 - timer.py:(47) [DEBUG]: Executed job: update_messaging
2022-10-12 18:31:46,796 - timer.py:(45) [DEBUG]: Running job: metering
2022-10-13 01:19:21,149 - timer.py:(45) [DEBUG]: Running job: update_messaging
2022-10-13 01:19:21,223 - timer.py:(47) [DEBUG]: Executed job: update_messaging
2022-10-13 01:19:21,223 - timer.py:(45) [DEBUG]: Running job: update_status
2022-10-13 01:19:21,223 - timer.py:(47) [DEBUG]: Executed job: update_status
2022-10-13 01:19:21,224 - timer.py:(45) [DEBUG]: Running job: metering
2022-10-13 08:01:03,700 - timer.py:(45) [DEBUG]: Running job: update_messaging
2022-10-13 08:01:03,776 - timer.py:(47) [DEBUG]: Executed job: update_messaging
2022-10-13 08:01:03,777 - timer.py:(45) [DEBUG]: Running job: metering
2022-10-13 14:06:11,432 - timer.py:(45) [DEBUG]: Running job: update_messaging
2022-10-13 14:06:11,509 - timer.py:(47) [DEBUG]: Executed job: update_messaging
2022-10-13 14:06:11,509 - timer.py:(45) [DEBUG]: Running job: update_status
2022-10-13 14:06:11,509 - timer.py:(47) [DEBUG]: Executed job: update_status
2022-10-13 14:06:11,509 - timer.py:(45) [DEBUG]: Running job: metering
2022-10-13 20:39:19,400 - timer.py:(45) [DEBUG]: Running job: update_messaging
2022-10-13 20:39:19,474 - timer.py:(47) [DEBUG]: Executed job: update_messaging
2022-10-13 20:39:19,474 - timer.py:(45) [DEBUG]: Running job: metering
2022-10-14 02:54:43,978 - timer.py:(45) [DEBUG]: Running job: update_messaging
2022-10-14 02:54:44,057 - timer.py:(47) [DEBUG]: Executed job: update_messaging
2022-10-14 02:54:44,057 - timer.py:(45) [DEBUG]: Running job: update_status
2022-10-14 02:54:44,057 - timer.py:(47) [DEBUG]: Executed job: update_status
2022-10-14 02:54:44,058 - timer.py:(45) [DEBUG]: Running job: metering
2022-10-14 09:03:01,440 - timer.py:(45) [DEBUG]: Running job: update_messaging
2022-10-14 09:03:01,520 - timer.py:(47) [DEBUG]: Executed job: update_messaging
2022-10-14 09:03:01,520 - timer.py:(45) [DEBUG]: Running job: metering
2022-10-14 15:22:26,581 - timer.py:(45) [DEBUG]: Running job: update_messaging
2022-10-14 15:22:26,657 - timer.py:(47) [DEBUG]: Executed job: update_messaging
2022-10-14 15:22:26,658 - timer.py:(45) [DEBUG]: Running job: update_status
2022-10-14 15:22:26,658 - timer.py:(47) [DEBUG]: Executed job: update_status
2022-10-14 15:22:26,658 - timer.py:(45) [DEBUG]: Running job: metering
2022-10-14 22:03:50,010 - timer.py:(45) [DEBUG]: Running job: update_messaging
2022-10-14 22:03:50,084 - timer.py:(47) [DEBUG]: Executed job: update_messaging
2022-10-14 22:03:50,084 - timer.py:(45) [DEBUG]: Running job: metering
2022-10-15 04:55:53,409 - timer.py:(45) [DEBUG]: Running job: update_messaging
2022-10-15 04:55:53,483 - timer.py:(47) [DEBUG]: Executed job: update_messaging
2022-10-15 04:55:53,483 - timer.py:(45) [DEBUG]: Running job: update_status
2022-10-15 04:55:53,484 - timer.py:(47) [DEBUG]: Executed job: update_status
2022-10-15 04:55:53,484 - timer.py:(45) [DEBUG]: Running job: metering
2022-10-15 11:14:21,149 - timer.py:(45) [DEBUG]: Running job: update_messaging
2022-10-15 11:14:21,223 - timer.py:(47) [DEBUG]: Executed job: update_messaging
2022-10-15 11:14:21,223 - timer.py:(45) [DEBUG]: Running job: metering
2022-10-15 18:04:44,100 - timer.py:(45) [DEBUG]: Running job: update_messaging
2022-10-15 18:04:44,176 - timer.py:(47) [DEBUG]: Executed job: update_messaging
2022-10-15 18:04:44,176 - timer.py:(45) [DEBUG]: Running job: update_status
2022-10-15 18:04:44,176 - timer.py:(47) [DEBUG]: Executed job: update_status
2022-10-15 18:04:44,177 - timer.py:(45) [DEBUG]: Running job: metering
2022-10-16 00:54:56,716 - timer.py:(45) [DEBUG]: Running job: update_messaging
2022-10-16 00:54:56,789 - timer.py:(47) [DEBUG]: Executed job: update_messaging
2022-10-16 00:54:56,789 - timer.py:(45) [DEBUG]: Running job: metering
2022-10-16 07:39:58,033 - timer.py:(45) [DEBUG]: Running job: update_messaging
2022-10-16 07:39:58,129 - timer.py:(47) [DEBUG]: Executed job: update_messaging
2022-10-16 07:39:58,129 - timer.py:(45) [DEBUG]: Running job: update_status
2022-10-16 07:39:58,129 - timer.py:(47) [DEBUG]: Executed job: update_status
2022-10-16 07:39:58,129 - timer.py:(45) [DEBUG]: Running job: metering
2022-10-16 14:08:38,820 - timer.py:(45) [DEBUG]: Running job: update_messaging
2022-10-16 14:08:38,900 - timer.py:(47) [DEBUG]: Executed job: update_messaging
2022-10-16 14:08:38,901 - timer.py:(45) [DEBUG]: Running job: metering
2022-10-16 20:21:39,468 - timer.py:(45) [DEBUG]: Running job: update_messaging
2022-10-16 20:21:39,545 - timer.py:(47) [DEBUG]: Executed job: update_messaging
2022-10-16 20:21:39,545 - timer.py:(45) [DEBUG]: Running job: update_status
2022-10-16 20:21:39,546 - timer.py:(47) [DEBUG]: Executed job: update_status
2022-10-16 20:21:39,546 - timer.py:(45) [DEBUG]: Running job: metering
2022-10-17 02:47:03,694 - timer.py:(45) [DEBUG]: Running job: update_messaging
2022-10-17 02:47:03,768 - timer.py:(47) [DEBUG]: Executed job: update_messaging
2022-10-17 02:47:03,768 - timer.py:(45) [DEBUG]: Running job: metering
2022-10-17 08:49:47,669 - timer.py:(45) [DEBUG]: Running job: update_messaging
2022-10-17 08:49:47,757 - timer.py:(47) [DEBUG]: Executed job: update_messaging
2022-10-17 08:49:47,758 - timer.py:(45) [DEBUG]: Running job: update_status
2022-10-17 08:49:47,758 - timer.py:(47) [DEBUG]: Executed job: update_status
2022-10-17 08:49:47,758 - timer.py:(45) [DEBUG]: Running job: metering
2022-10-17 15:18:01,831 - timer.py:(45) [DEBUG]: Running job: update_messaging
2022-10-17 15:18:01,910 - timer.py:(47) [DEBUG]: Executed job: update_messaging
2022-10-17 15:18:01,910 - timer.py:(45) [DEBUG]: Running job: metering
2022-10-17 21:37:58,098 - timer.py:(45) [DEBUG]: Running job: update_messaging
2022-10-17 21:37:58,187 - timer.py:(47) [DEBUG]: Executed job: update_messaging
2022-10-17 21:37:58,187 - timer.py:(45) [DEBUG]: Running job: update_status
2022-10-17 21:37:58,187 - timer.py:(47) [DEBUG]: Executed job: update_status
2022-10-17 21:37:58,187 - timer.py:(45) [DEBUG]: Running job: metering
2022-10-18 04:12:27,149 - timer.py:(45) [DEBUG]: Running job: update_messaging
2022-10-18 04:12:27,224 - timer.py:(47) [DEBUG]: Executed job: update_messaging
2022-10-18 04:12:27,224 - timer.py:(45) [DEBUG]: Running job: metering
2022-10-18 10:49:21,156 - timer.py:(45) [DEBUG]: Running job: update_messaging
2022-10-18 10:49:21,232 - timer.py:(47) [DEBUG]: Executed job: update_messaging
2022-10-18 10:49:21,232 - timer.py:(45) [DEBUG]: Running job: update_status
2022-10-18 10:49:21,233 - timer.py:(47) [DEBUG]: Executed job: update_status
2022-10-18 10:49:21,233 - timer.py:(45) [DEBUG]: Running job: metering
